<?xml version="1.0" encoding="UTF-8"?>
<!-- Generated by org.testng.reporters.JUnitReportReporter -->
<testsuite skipped="0" hostname="prashant-PC" name="com.inetbanking.testCases.TC_LoginPage_001" tests="4" failures="0" timestamp="05 Apr 2020 17:52:01 GMT" time="110.281" errors="0">
  <testcase name="loginTest" time="27.583" classname="com.inetbanking.testCases.TC_LoginPage_001"/>
  <testcase name="loginTest" time="27.851" classname="com.inetbanking.testCases.TC_LoginPage_001"/>
  <testcase name="loginTest" time="27.617" classname="com.inetbanking.testCases.TC_LoginPage_001"/>
  <testcase name="loginTest" time="27.230" classname="com.inetbanking.testCases.TC_LoginPage_001"/>
</testsuite> <!-- com.inetbanking.testCases.TC_LoginPage_001 -->
