<?xml version="1.0" encoding="UTF-8"?>
<!-- Generated by org.testng.reporters.JUnitReportReporter -->
<testsuite skipped="0" hostname="prashant-PC" name="com.inetbanking.testCases.TC_LoginPage_001" tests="4" failures="0" timestamp="05 Apr 2020 18:12:42 GMT" time="111.878" errors="0">
  <testcase name="loginTest" time="28.299" classname="com.inetbanking.testCases.TC_LoginPage_001"/>
  <testcase name="loginTest" time="27.836" classname="com.inetbanking.testCases.TC_LoginPage_001"/>
  <testcase name="loginTest" time="27.312" classname="com.inetbanking.testCases.TC_LoginPage_001"/>
  <testcase name="loginTest" time="28.431" classname="com.inetbanking.testCases.TC_LoginPage_001"/>
</testsuite> <!-- com.inetbanking.testCases.TC_LoginPage_001 -->
