<?xml version="1.0" encoding="UTF-8"?>
<!-- Generated by org.testng.reporters.JUnitReportReporter -->
<testsuite skipped="0" hostname="prashant-PC" name="com.inetbanking.testCases.TC_LoginPage_001" tests="4" failures="0" timestamp="06 Apr 2020 17:16:49 GMT" time="112.397" errors="0">
  <testcase name="loginTest" time="29.496" classname="com.inetbanking.testCases.TC_LoginPage_001"/>
  <testcase name="loginTest" time="28.833" classname="com.inetbanking.testCases.TC_LoginPage_001"/>
  <testcase name="loginTest" time="26.863" classname="com.inetbanking.testCases.TC_LoginPage_001"/>
  <testcase name="loginTest" time="27.205" classname="com.inetbanking.testCases.TC_LoginPage_001"/>
</testsuite> <!-- com.inetbanking.testCases.TC_LoginPage_001 -->
